<?xml version="1.0" encoding="UTF-8"?>
<!-- Generated by org.testng.reporters.JUnitXMLReporter -->
<testsuite hostname="ASUS-Laptop" ignored="0" name="Default test" tests="9" failures="0" timestamp="2020-11-01T20:46:22 CET" time="94.46" errors="0">
  <testcase name="log" time="3.273" classname="mycompany.login"/>
  <testcase name="log" time="3.283" classname="mycompany.login"/>
  <testcase name="signup" time="4.034" classname="mycompany.login"/>
  <testcase name="signup" time="3.74" classname="mycompany.login"/>
  <testcase name="signup" time="4.111" classname="mycompany.login"/>
  <testcase name="signup" time="4.066" classname="mycompany.login"/>
  <testcase name="signup" time="6.412" classname="mycompany.login"/>
  <testcase name="signup" time="4.849" classname="mycompany.login"/>
  <testcase name="signup" time="12.561" classname="mycompany.login"/>
</testsuite> <!-- Default test -->
