<?xml version="1.0" encoding="UTF-8"?>
<!-- Generated by org.testng.reporters.JUnitXMLReporter -->
<testsuite hostname="ASUS-Laptop" ignored="0" name="Default test" tests="9" failures="0" timestamp="2020-11-05T22:14:47 CET" time="107.771" errors="0">
  <testcase name="log" time="13.621" classname="mycompany.login"/>
  <testcase name="log" time="15.736" classname="mycompany.login"/>
  <testcase name="signup" time="3.79" classname="mycompany.login"/>
  <testcase name="signup" time="3.737" classname="mycompany.login"/>
  <testcase name="signup" time="4.182" classname="mycompany.login"/>
  <testcase name="signup" time="3.413" classname="mycompany.login"/>
  <testcase name="signup" time="4.665" classname="mycompany.login"/>
  <testcase name="signup" time="3.775" classname="mycompany.login"/>
  <testcase name="signup" time="3.789" classname="mycompany.login"/>
</testsuite> <!-- Default test -->
