<?xml version="1.0" encoding="UTF-8"?>
<!-- Generated by org.testng.reporters.JUnitXMLReporter -->
<testsuite hostname="ASUS-Laptop" ignored="0" name="Test" tests="9" failures="1" timestamp="2020-11-05T22:50:16 CET" time="85.515" errors="0">
  <testcase name="log" time="3.908" classname="mycompany.login"/>
  <testcase name="log" time="5.562" classname="mycompany.login"/>
  <testcase name="signup" time="3.744" classname="mycompany.login"/>
  <testcase name="signup" time="3.517" classname="mycompany.login"/>
  <testcase name="signup" time="3.67" classname="mycompany.login"/>
  <testcase name="signup" time="3.612" classname="mycompany.login"/>
  <testcase name="signup" time="6.267" classname="mycompany.login">
    <failure type="java.lang.AssertionError" message="did not expect [Account successfully created.] but found [Account successfully created.]">
      <![CDATA[java.lang.AssertionError: did not expect [Account successfully created.] but found [Account successfully created.]
at mycompany.login.signup(login.java:80)
at java.util.ArrayList.forEach(ArrayList.java:1259)
... Removed 36 stack frames]]>
    </failure>
  </testcase> <!-- signup -->
  <testcase name="signup" time="3.922" classname="mycompany.login"/>
  <testcase name="signup" time="5.491" classname="mycompany.login"/>
</testsuite> <!-- Test -->
