-------------------------------------------------------------------------------
Test set: TestSuite
-------------------------------------------------------------------------------
Tests run: 9, Failures: 1, Errors: 0, Skipped: 0, Time elapsed: 118.612 s <<< FAILURE! - in TestSuite
mycompany.login.signup[YAHYAAAA, YAHYAAAA](5)  Time elapsed: 9.412 s  <<< FAILURE!
java.lang.AssertionError: did not expect [Account successfully created.] but found [Account successfully created.]
	at mycompany.login.signup(login.java:59)

