<?xml version="1.0" encoding="UTF-8"?>
<testng-results skipped="0" failed="0" ignored="0" total="9" passed="9">
  <reporter-output>
  </reporter-output>
  <suite name="Default suite" duration-ms="107771" started-at="2020-11-05T22:13:00 CET" finished-at="2020-11-05T22:14:47 CET">
    <groups>
    </groups>
    <test name="Default test" duration-ms="107771" started-at="2020-11-05T22:13:00 CET" finished-at="2020-11-05T22:14:47 CET">
      <class name="mycompany.login">
        <test-method status="PASS" signature="launch()[pri:0, instance:mycompany.login@26a7b76d]" name="launch" is-config="true" duration-ms="5015" started-at="2020-11-05T22:13:00 CET" finished-at="2020-11-05T22:13:05 CET">
          <reporter-output>
          </reporter-output>
        </test-method> <!-- launch -->
        <test-method status="PASS" signature="log(java.lang.String, java.lang.String)[pri:0, instance:mycompany.login@26a7b76d]" name="log" duration-ms="13621" started-at="2020-11-05T22:13:05 CET" data-provider="getdata1" finished-at="2020-11-05T22:13:18 CET">
          <params>
            <param index="0">
              <value>
                <![CDATA[yahya]]>
              </value>
            </param>
            <param index="1">
              <value>
                <![CDATA[admin]]>
              </value>
            </param>
          </params>
          <reporter-output>
          </reporter-output>
        </test-method> <!-- log -->
        <test-method status="PASS" signature="launch()[pri:0, instance:mycompany.login@26a7b76d]" name="launch" is-config="true" duration-ms="6056" started-at="2020-11-05T22:13:18 CET" finished-at="2020-11-05T22:13:24 CET">
          <reporter-output>
          </reporter-output>
        </test-method> <!-- launch -->
        <test-method status="PASS" signature="log(java.lang.String, java.lang.String)[pri:0, instance:mycompany.login@26a7b76d]" name="log" duration-ms="15736" started-at="2020-11-05T22:13:24 CET" data-provider="getdata1" finished-at="2020-11-05T22:13:40 CET">
          <params>
            <param index="0">
              <value>
                <![CDATA[admin]]>
              </value>
            </param>
            <param index="1">
              <value>
                <![CDATA[Admin1234]]>
              </value>
            </param>
          </params>
          <reporter-output>
          </reporter-output>
        </test-method> <!-- log -->
        <test-method status="PASS" signature="launch()[pri:0, instance:mycompany.login@26a7b76d]" name="launch" is-config="true" duration-ms="4787" started-at="2020-11-05T22:13:40 CET" finished-at="2020-11-05T22:13:45 CET">
          <reporter-output>
          </reporter-output>
        </test-method> <!-- launch -->
        <test-method status="PASS" signature="signup(java.lang.String, java.lang.String)[pri:0, instance:mycompany.login@26a7b76d]" name="signup" duration-ms="3790" started-at="2020-11-05T22:13:45 CET" data-provider="getdata2" finished-at="2020-11-05T22:13:49 CET">
          <params>
            <param index="0">
              <value>
                <![CDATA[yahya]]>
              </value>
            </param>
            <param index="1">
              <value>
                <![CDATA[yahya]]>
              </value>
            </param>
          </params>
          <reporter-output>
          </reporter-output>
        </test-method> <!-- signup -->
        <test-method status="PASS" signature="launch()[pri:0, instance:mycompany.login@26a7b76d]" name="launch" is-config="true" duration-ms="4153" started-at="2020-11-05T22:13:49 CET" finished-at="2020-11-05T22:13:53 CET">
          <reporter-output>
          </reporter-output>
        </test-method> <!-- launch -->
        <test-method status="PASS" signature="signup(java.lang.String, java.lang.String)[pri:0, instance:mycompany.login@26a7b76d]" name="signup" duration-ms="3737" started-at="2020-11-05T22:13:53 CET" data-provider="getdata2" finished-at="2020-11-05T22:13:57 CET">
          <params>
            <param index="0">
              <value>
                <![CDATA[yahya1]]>
              </value>
            </param>
            <param index="1">
              <value>
                <![CDATA[yahya1]]>
              </value>
            </param>
          </params>
          <reporter-output>
          </reporter-output>
        </test-method> <!-- signup -->
        <test-method status="PASS" signature="launch()[pri:0, instance:mycompany.login@26a7b76d]" name="launch" is-config="true" duration-ms="5442" started-at="2020-11-05T22:13:57 CET" finished-at="2020-11-05T22:14:02 CET">
          <reporter-output>
          </reporter-output>
        </test-method> <!-- launch -->
        <test-method status="PASS" signature="signup(java.lang.String, java.lang.String)[pri:0, instance:mycompany.login@26a7b76d]" name="signup" duration-ms="4182" started-at="2020-11-05T22:14:02 CET" data-provider="getdata2" finished-at="2020-11-05T22:14:06 CET">
          <params>
            <param index="0">
              <value>
                <![CDATA[12345678]]>
              </value>
            </param>
            <param index="1">
              <value>
                <![CDATA[12345678]]>
              </value>
            </param>
          </params>
          <reporter-output>
          </reporter-output>
        </test-method> <!-- signup -->
        <test-method status="PASS" signature="launch()[pri:0, instance:mycompany.login@26a7b76d]" name="launch" is-config="true" duration-ms="5532" started-at="2020-11-05T22:14:06 CET" finished-at="2020-11-05T22:14:12 CET">
          <reporter-output>
          </reporter-output>
        </test-method> <!-- launch -->
        <test-method status="PASS" signature="signup(java.lang.String, java.lang.String)[pri:0, instance:mycompany.login@26a7b76d]" name="signup" duration-ms="3413" started-at="2020-11-05T22:14:12 CET" data-provider="getdata2" finished-at="2020-11-05T22:14:15 CET">
          <params>
            <param index="0">
              <value>
                <![CDATA[yahyaaaa]]>
              </value>
            </param>
            <param index="1">
              <value>
                <![CDATA[yahyaaaa]]>
              </value>
            </param>
          </params>
          <reporter-output>
          </reporter-output>
        </test-method> <!-- signup -->
        <test-method status="PASS" signature="launch()[pri:0, instance:mycompany.login@26a7b76d]" name="launch" is-config="true" duration-ms="8853" started-at="2020-11-05T22:14:15 CET" finished-at="2020-11-05T22:14:24 CET">
          <reporter-output>
          </reporter-output>
        </test-method> <!-- launch -->
        <test-method status="PASS" signature="signup(java.lang.String, java.lang.String)[pri:0, instance:mycompany.login@26a7b76d]" name="signup" duration-ms="4665" started-at="2020-11-05T22:14:24 CET" data-provider="getdata2" finished-at="2020-11-05T22:14:29 CET">
          <params>
            <param index="0">
              <value>
                <![CDATA[YAHYAAAA]]>
              </value>
            </param>
            <param index="1">
              <value>
                <![CDATA[YAHYAAAA]]>
              </value>
            </param>
          </params>
          <reporter-output>
          </reporter-output>
        </test-method> <!-- signup -->
        <test-method status="PASS" signature="launch()[pri:0, instance:mycompany.login@26a7b76d]" name="launch" is-config="true" duration-ms="4951" started-at="2020-11-05T22:14:29 CET" finished-at="2020-11-05T22:14:34 CET">
          <reporter-output>
          </reporter-output>
        </test-method> <!-- launch -->
        <test-method status="PASS" signature="signup(java.lang.String, java.lang.String)[pri:0, instance:mycompany.login@26a7b76d]" name="signup" duration-ms="3775" started-at="2020-11-05T22:14:34 CET" data-provider="getdata2" finished-at="2020-11-05T22:14:37 CET">
          <params>
            <param index="0">
              <value>
                <![CDATA[Yahya1234]]>
              </value>
            </param>
            <param index="1">
              <value>
                <![CDATA[Yahya12]]>
              </value>
            </param>
          </params>
          <reporter-output>
          </reporter-output>
        </test-method> <!-- signup -->
        <test-method status="PASS" signature="launch()[pri:0, instance:mycompany.login@26a7b76d]" name="launch" is-config="true" duration-ms="6225" started-at="2020-11-05T22:14:37 CET" finished-at="2020-11-05T22:14:44 CET">
          <reporter-output>
          </reporter-output>
        </test-method> <!-- launch -->
        <test-method status="PASS" signature="signup(java.lang.String, java.lang.String)[pri:0, instance:mycompany.login@26a7b76d]" name="signup" duration-ms="3789" started-at="2020-11-05T22:14:44 CET" data-provider="getdata2" finished-at="2020-11-05T22:14:47 CET">
          <params>
            <param index="0">
              <value>
                <![CDATA[Yahya123]]>
              </value>
            </param>
            <param index="1">
              <value>
                <![CDATA[Yahya1234]]>
              </value>
            </param>
          </params>
          <reporter-output>
          </reporter-output>
        </test-method> <!-- signup -->
      </class> <!-- mycompany.login -->
    </test> <!-- Default test -->
  </suite> <!-- Default suite -->
</testng-results>
