<?xml version="1.0" encoding="UTF-8"?>
<testng-results skipped="0" failed="0" ignored="0" total="9" passed="9">
  <reporter-output>
  </reporter-output>
  <suite name="Default suite" duration-ms="78232" started-at="2020-11-15T21:32:11 CET" finished-at="2020-11-15T21:33:29 CET">
    <groups>
    </groups>
    <test name="Default test" duration-ms="78232" started-at="2020-11-15T21:32:11 CET" finished-at="2020-11-15T21:33:29 CET">
      <class name="mycompany.login">
        <test-method status="PASS" signature="launch()[pri:0, instance:mycompany.login@26a7b76d]" name="launch" is-config="true" duration-ms="4073" started-at="2020-11-15T21:32:11 CET" finished-at="2020-11-15T21:32:15 CET">
          <reporter-output>
          </reporter-output>
        </test-method> <!-- launch -->
        <test-method status="PASS" signature="signinn(java.lang.String, java.lang.String)[pri:0, instance:mycompany.login@26a7b76d]" name="signinn" duration-ms="3512" started-at="2020-11-15T21:32:15 CET" data-provider="getdata1" finished-at="2020-11-15T21:32:19 CET">
          <params>
            <param index="0">
              <value>
                <![CDATA[yahya]]>
              </value>
            </param>
            <param index="1">
              <value>
                <![CDATA[admin]]>
              </value>
            </param>
          </params>
          <reporter-output>
          </reporter-output>
        </test-method> <!-- signinn -->
        <test-method status="PASS" signature="launch()[pri:0, instance:mycompany.login@26a7b76d]" name="launch" is-config="true" duration-ms="3699" started-at="2020-11-15T21:32:19 CET" finished-at="2020-11-15T21:32:22 CET">
          <reporter-output>
          </reporter-output>
        </test-method> <!-- launch -->
        <test-method status="PASS" signature="signinn(java.lang.String, java.lang.String)[pri:0, instance:mycompany.login@26a7b76d]" name="signinn" duration-ms="5582" started-at="2020-11-15T21:32:22 CET" data-provider="getdata1" finished-at="2020-11-15T21:32:28 CET">
          <params>
            <param index="0">
              <value>
                <![CDATA[admin]]>
              </value>
            </param>
            <param index="1">
              <value>
                <![CDATA[Admin1234]]>
              </value>
            </param>
          </params>
          <reporter-output>
          </reporter-output>
        </test-method> <!-- signinn -->
        <test-method status="PASS" signature="launch()[pri:0, instance:mycompany.login@26a7b76d]" name="launch" is-config="true" duration-ms="4751" started-at="2020-11-15T21:32:28 CET" finished-at="2020-11-15T21:32:33 CET">
          <reporter-output>
          </reporter-output>
        </test-method> <!-- launch -->
        <test-method status="PASS" signature="signup(java.lang.String, java.lang.String)[pri:0, instance:mycompany.login@26a7b76d]" name="signup" duration-ms="4285" started-at="2020-11-15T21:32:33 CET" data-provider="getdata2" finished-at="2020-11-15T21:32:37 CET">
          <params>
            <param index="0">
              <value>
                <![CDATA[yahya]]>
              </value>
            </param>
            <param index="1">
              <value>
                <![CDATA[yahya]]>
              </value>
            </param>
          </params>
          <reporter-output>
          </reporter-output>
        </test-method> <!-- signup -->
        <test-method status="PASS" signature="launch()[pri:0, instance:mycompany.login@26a7b76d]" name="launch" is-config="true" duration-ms="4833" started-at="2020-11-15T21:32:37 CET" finished-at="2020-11-15T21:32:42 CET">
          <reporter-output>
          </reporter-output>
        </test-method> <!-- launch -->
        <test-method status="PASS" signature="signup(java.lang.String, java.lang.String)[pri:0, instance:mycompany.login@26a7b76d]" name="signup" duration-ms="3476" started-at="2020-11-15T21:32:42 CET" data-provider="getdata2" finished-at="2020-11-15T21:32:45 CET">
          <params>
            <param index="0">
              <value>
                <![CDATA[yahya1]]>
              </value>
            </param>
            <param index="1">
              <value>
                <![CDATA[yahya1]]>
              </value>
            </param>
          </params>
          <reporter-output>
          </reporter-output>
        </test-method> <!-- signup -->
        <test-method status="PASS" signature="launch()[pri:0, instance:mycompany.login@26a7b76d]" name="launch" is-config="true" duration-ms="4475" started-at="2020-11-15T21:32:45 CET" finished-at="2020-11-15T21:32:50 CET">
          <reporter-output>
          </reporter-output>
        </test-method> <!-- launch -->
        <test-method status="PASS" signature="signup(java.lang.String, java.lang.String)[pri:0, instance:mycompany.login@26a7b76d]" name="signup" duration-ms="3350" started-at="2020-11-15T21:32:50 CET" data-provider="getdata2" finished-at="2020-11-15T21:32:53 CET">
          <params>
            <param index="0">
              <value>
                <![CDATA[12345678]]>
              </value>
            </param>
            <param index="1">
              <value>
                <![CDATA[12345678]]>
              </value>
            </param>
          </params>
          <reporter-output>
          </reporter-output>
        </test-method> <!-- signup -->
        <test-method status="PASS" signature="launch()[pri:0, instance:mycompany.login@26a7b76d]" name="launch" is-config="true" duration-ms="4786" started-at="2020-11-15T21:32:53 CET" finished-at="2020-11-15T21:32:58 CET">
          <reporter-output>
          </reporter-output>
        </test-method> <!-- launch -->
        <test-method status="PASS" signature="signup(java.lang.String, java.lang.String)[pri:0, instance:mycompany.login@26a7b76d]" name="signup" duration-ms="3468" started-at="2020-11-15T21:32:58 CET" data-provider="getdata2" finished-at="2020-11-15T21:33:01 CET">
          <params>
            <param index="0">
              <value>
                <![CDATA[yahyaaaa]]>
              </value>
            </param>
            <param index="1">
              <value>
                <![CDATA[yahyaaaa]]>
              </value>
            </param>
          </params>
          <reporter-output>
          </reporter-output>
        </test-method> <!-- signup -->
        <test-method status="PASS" signature="launch()[pri:0, instance:mycompany.login@26a7b76d]" name="launch" is-config="true" duration-ms="3937" started-at="2020-11-15T21:33:01 CET" finished-at="2020-11-15T21:33:05 CET">
          <reporter-output>
          </reporter-output>
        </test-method> <!-- launch -->
        <test-method status="PASS" signature="signup(java.lang.String, java.lang.String)[pri:0, instance:mycompany.login@26a7b76d]" name="signup" duration-ms="3317" started-at="2020-11-15T21:33:05 CET" data-provider="getdata2" finished-at="2020-11-15T21:33:09 CET">
          <params>
            <param index="0">
              <value>
                <![CDATA[YAHYAAAA]]>
              </value>
            </param>
            <param index="1">
              <value>
                <![CDATA[YAHYAAAA]]>
              </value>
            </param>
          </params>
          <reporter-output>
          </reporter-output>
        </test-method> <!-- signup -->
        <test-method status="PASS" signature="launch()[pri:0, instance:mycompany.login@26a7b76d]" name="launch" is-config="true" duration-ms="5671" started-at="2020-11-15T21:33:09 CET" finished-at="2020-11-15T21:33:14 CET">
          <reporter-output>
          </reporter-output>
        </test-method> <!-- launch -->
        <test-method status="PASS" signature="signup(java.lang.String, java.lang.String)[pri:0, instance:mycompany.login@26a7b76d]" name="signup" duration-ms="3292" started-at="2020-11-15T21:33:14 CET" data-provider="getdata2" finished-at="2020-11-15T21:33:18 CET">
          <params>
            <param index="0">
              <value>
                <![CDATA[Yahya1234]]>
              </value>
            </param>
            <param index="1">
              <value>
                <![CDATA[Yahya12]]>
              </value>
            </param>
          </params>
          <reporter-output>
          </reporter-output>
        </test-method> <!-- signup -->
        <test-method status="PASS" signature="launch()[pri:0, instance:mycompany.login@26a7b76d]" name="launch" is-config="true" duration-ms="7350" started-at="2020-11-15T21:33:18 CET" finished-at="2020-11-15T21:33:25 CET">
          <reporter-output>
          </reporter-output>
        </test-method> <!-- launch -->
        <test-method status="PASS" signature="signup(java.lang.String, java.lang.String)[pri:0, instance:mycompany.login@26a7b76d]" name="signup" duration-ms="4324" started-at="2020-11-15T21:33:25 CET" data-provider="getdata2" finished-at="2020-11-15T21:33:29 CET">
          <params>
            <param index="0">
              <value>
                <![CDATA[Yahya123]]>
              </value>
            </param>
            <param index="1">
              <value>
                <![CDATA[Yahya1234]]>
              </value>
            </param>
          </params>
          <reporter-output>
          </reporter-output>
        </test-method> <!-- signup -->
      </class> <!-- mycompany.login -->
    </test> <!-- Default test -->
  </suite> <!-- Default suite -->
</testng-results>
